<?xml version="1.0" encoding="UTF-8"?>
<!-- Generated by org.testng.reporters.JUnitXMLReporter -->
<testsuite ignored="1" hostname="LAPTOP-VKAG1RPA" failures="0" tests="4" name="Default test" time="1.769" errors="0" timestamp="2021-02-21T11:50:49 IST">
  <testcase classname="com.extraPOSTest.testCases.inventory.maintenance.TC_ItemMaster" name="@BeforeTest BrowserSetUp" time="-1.613888447671E9">
    <failure type="org.testng.TestNGException" message="
Parameter &amp;apos;browser&amp;apos; is required by BeforeTest on method BrowserSetUp but has not been marked @Optional or defined
in C:\Users\Susmith\AppData\Local\Temp\testng-eclipse--566542378\testng-customsuite.xml">
      <![CDATA[org.testng.TestNGException: 
Parameter 'browser' is required by BeforeTest on method BrowserSetUp but has not been marked @Optional or defined
in C:\Users\Susmith\AppData\Local\Temp\testng-eclipse--566542378\testng-customsuite.xml
at org.testng.internal.Parameters.createParams(Parameters.java:268)
at org.testng.internal.Parameters.createParametersForMethod(Parameters.java:356)
at org.testng.internal.Parameters.createParameters(Parameters.java:700)
at org.testng.internal.Parameters.createConfigurationParameters(Parameters.java:166)
at org.testng.internal.ConfigInvoker.invokeConfigurations(ConfigInvoker.java:301)
at org.testng.TestRunner.invokeTestConfigurations(TestRunner.java:617)
at org.testng.TestRunner.beforeRun(TestRunner.java:607)
at org.testng.TestRunner.run(TestRunner.java:578)
at org.testng.SuiteRunner.runTest(SuiteRunner.java:384)
at org.testng.SuiteRunner.runSequentially(SuiteRunner.java:378)
at org.testng.SuiteRunner.privateRun(SuiteRunner.java:337)
at org.testng.SuiteRunner.run(SuiteRunner.java:286)
at org.testng.SuiteRunnerWorker.runSuite(SuiteRunnerWorker.java:53)
at org.testng.SuiteRunnerWorker.run(SuiteRunnerWorker.java:96)
at org.testng.TestNG.runSuitesSequentially(TestNG.java:1218)
at org.testng.TestNG.runSuitesLocally(TestNG.java:1140)
at org.testng.TestNG.runSuites(TestNG.java:1069)
at org.testng.TestNG.run(TestNG.java:1037)
at org.testng.remote.AbstractRemoteTestNG.run(AbstractRemoteTestNG.java:115)
at org.testng.remote.RemoteTestNG.initAndRun(RemoteTestNG.java:251)
at org.testng.remote.RemoteTestNG.main(RemoteTestNG.java:77)
]]>
    </failure>
  </testcase> <!-- @BeforeTest BrowserSetUp -->
  <testcase classname="com.extraPOSTest.testCases.inventory.maintenance.TC_ItemMaster" name="@AfterTest tearDown" time="-1.613888449432E9">
    <skipped/>
  </testcase> <!-- @AfterTest tearDown -->
  <testcase classname="com.extraPOSTest.testCases.inventory.maintenance.TC_ItemMaster" name="selectALL_forCategoryCode" time="0.0">
    <skipped/>
  </testcase> <!-- selectALL_forCategoryCode -->
  <testcase classname="com.extraPOSTest.testCases.inventory.maintenance.TC_ItemMaster" name="ItemCodeValidation" time="0.0">
    <skipped/>
  </testcase> <!-- ItemCodeValidation -->
  <testcase classname="com.extraPOSTest.testCases.inventory.maintenance.TC_ItemMaster" name="ItemCodeValidation" time="0.0">
    <skipped/>
  </testcase> <!-- ItemCodeValidation -->
  <testcase classname="com.extraPOSTest.testCases.inventory.maintenance.TC_ItemMaster" name="ItemCodeValidation" time="0.0">
    <skipped/>
  </testcase> <!-- ItemCodeValidation -->
  <testcase classname="com.extraPOSTest.testCases.inventory.maintenance.TC_ItemMaster" name="IMcategoryValidation" time="0.0">
    <ignored/>
  </testcase> <!-- IMcategoryValidation -->
</testsuite> <!-- Default test -->
