<?xml version="1.0" encoding="UTF-8"?>
<!-- Generated by org.testng.reporters.JUnitXMLReporter -->
<testsuite ignored="0" hostname="LAPTOP-VKAG1RPA" failures="1" tests="2" name="ApprovalRolesCode" time="27.472" errors="0" timestamp="2021-03-12T13:23:37 IST">
  <testcase classname="com.extraPOSTest.testCases.Approvals.TC_ApprovalRoleCode" name="selectALL_forApprovalRoleCode" time="6.281"/>
  <testcase classname="com.extraPOSTest.testCases.Approvals.TC_ApprovalRoleCode" name="createApprovalRoleCode" time="0.0">
    <failure type="org.testng.TestNGException" message="
Method public void com.extraPOSTest.testCases.Approvals.TC_ApprovalRoleCode.createApprovalRoleCode() requires a @DataProvider named : addApprovalRoleCode">
      <![CDATA[org.testng.TestNGException: 
Method public void com.extraPOSTest.testCases.Approvals.TC_ApprovalRoleCode.createApprovalRoleCode() requires a @DataProvider named : addApprovalRoleCode
at java.base/java.util.ArrayList.forEach(ArrayList.java:1541)
... Removed 24 stack frames]]>
    </failure>
  </testcase> <!-- createApprovalRoleCode -->
</testsuite> <!-- ApprovalRolesCode -->
