<?xml version="1.0" encoding="UTF-8"?>
<!-- Generated by org.testng.reporters.JUnitXMLReporter -->
<testsuite ignored="1" hostname="LAPTOP-VKAG1RPA" failures="0" tests="3" name="Test" time="2.158" errors="0" timestamp="2021-03-10T11:25:46 IST">
  <testcase classname="com.extraPOSTest.testCases.inventory.maintenance.TC_UoM" name="@BeforeTest BrowserSetUp" time="-1.615355744609E9">
    <failure type="org.testng.TestNGException" message="
Parameter &amp;apos;browser&amp;apos; is required by BeforeTest on method BrowserSetUp but has not been marked @Optional or defined
in C:\Users\Susmith\git\ExtraPOS-Test\xtrapostest\ExtraPOS-AutomationTest\testng1.xml">
      <![CDATA[org.testng.TestNGException: 
Parameter 'browser' is required by BeforeTest on method BrowserSetUp but has not been marked @Optional or defined
in C:\Users\Susmith\git\ExtraPOS-Test\xtrapostest\ExtraPOS-AutomationTest\testng1.xml
... Removed 21 stack frames]]>
    </failure>
  </testcase> <!-- @BeforeTest BrowserSetUp -->
  <testcase classname="com.extraPOSTest.testCases.inventory.maintenance.TC_UoM" name="@AfterTest tearDown" time="-1.615355746764E9">
    <skipped/>
  </testcase> <!-- @AfterTest tearDown -->
  <testcase classname="com.extraPOSTest.testCases.inventory.maintenance.TC_UoM" name="selectALL_forUomCode" time="0.0">
    <skipped/>
  </testcase> <!-- selectALL_forUomCode -->
  <testcase classname="com.extraPOSTest.testCases.inventory.maintenance.TC_UoM" name="createUomCode" time="0.0">
    <skipped/>
  </testcase> <!-- createUomCode -->
  <testcase classname="com.extraPOSTest.testCases.inventory.maintenance.TC_UoM" name="createUomCode" time="0.0">
    <skipped/>
  </testcase> <!-- createUomCode -->
  <testcase classname="com.extraPOSTest.testCases.inventory.maintenance.TC_UoM" name="searchUom" time="0.0">
    <ignored/>
  </testcase> <!-- searchUom -->
</testsuite> <!-- Test -->
