<?xml version="1.0" encoding="UTF-8"?>
<!-- Generated by org.testng.reporters.JUnitXMLReporter -->
<testsuite ignored="0" hostname="LAPTOP-VKAG1RPA" failures="2" tests="17" name="Brand" time="110.597" errors="0" timestamp="2021-02-05T11:24:34 IST">
  <testcase classname="com.extraPOSTest.testCases.inventory.maintenance.TC_Brand" name="selectALL_forBrandCode" time="3.996"/>
  <testcase classname="com.extraPOSTest.testCases.inventory.maintenance.TC_Brand" name="createBrandCode" time="3.864"/>
  <testcase classname="com.extraPOSTest.testCases.inventory.maintenance.TC_Brand" name="createBrandCode" time="1.015"/>
  <testcase classname="com.extraPOSTest.testCases.inventory.maintenance.TC_Brand" name="createBrandCode" time="0.856"/>
  <testcase classname="com.extraPOSTest.testCases.inventory.maintenance.TC_Brand" name="createBrandCode" time="0.849"/>
  <testcase classname="com.extraPOSTest.testCases.inventory.maintenance.TC_Brand" name="saveBrandCode" time="24.742">
    <failure type="java.lang.AssertionError" message="No Error Message validation for save action expected [true] but found [false]">
      <![CDATA[java.lang.AssertionError: No Error Message validation for save action expected [true] but found [false]
at com.extraPOSTest.testCases.inventory.maintenance.TC_Brand.saveBrandCode(TC_Brand.java:286)
at java.base/java.util.ArrayList.forEach(ArrayList.java:1511)
... Removed 30 stack frames]]>
    </failure>
  </testcase> <!-- saveBrandCode -->
  <testcase classname="com.extraPOSTest.testCases.inventory.maintenance.TC_Brand" name="addTwoSameBrandCode" time="1.712"/>
  <testcase classname="com.extraPOSTest.testCases.inventory.maintenance.TC_Brand" name="addTwoSameBrandCode" time="0.875"/>
  <testcase classname="com.extraPOSTest.testCases.inventory.maintenance.TC_Brand" name="saveTwoBrandCode" time="5.165"/>
  <testcase classname="com.extraPOSTest.testCases.inventory.maintenance.TC_Brand" name="searchCategoryPage" time="3.523"/>
  <testcase classname="com.extraPOSTest.testCases.inventory.maintenance.TC_Brand" name="searchCategoryPage" time="3.421"/>
  <testcase classname="com.extraPOSTest.testCases.inventory.maintenance.TC_Brand" name="searchCategoryPage" time="3.597"/>
  <testcase classname="com.extraPOSTest.testCases.inventory.maintenance.TC_Brand" name="searchCategoryPage" time="4.078"/>
  <testcase classname="com.extraPOSTest.testCases.inventory.maintenance.TC_Brand" name="checkReverseOrderValidation_BrandCode" time="1.961"/>
  <testcase classname="com.extraPOSTest.testCases.inventory.maintenance.TC_Brand" name="checkReverseOrderValidation_BrandCode" time="0.606"/>
  <testcase classname="com.extraPOSTest.testCases.inventory.maintenance.TC_Brand" name="checkReverseOrderValidation_BrandCode" time="0.244"/>
  <testcase classname="com.extraPOSTest.testCases.inventory.maintenance.TC_Brand" name="checkReverseOrderValidation_BrandCode" time="21.165">
    <failure type="java.lang.AssertionError" message="No validation for duplicate brandcode expected [true] but found [false]">
      <![CDATA[java.lang.AssertionError: No validation for duplicate brandcode expected [true] but found [false]
at com.extraPOSTest.testCases.inventory.maintenance.TC_Brand.checkReverseOrderValidation_BrandCode(TC_Brand.java:838)
at java.base/java.util.ArrayList.forEach(ArrayList.java:1511)
... Removed 30 stack frames]]>
    </failure>
  </testcase> <!-- checkReverseOrderValidation_BrandCode -->
</testsuite> <!-- Brand -->
