<html>
<head>
<title>TestNG:  Category</title>
<link href="../testng.css" rel="stylesheet" type="text/css" />
<link href="../my-testng.css" rel="stylesheet" type="text/css" />

<style type="text/css">
.log { display: none;} 
.stack-trace { display: none;} 
</style>
<script type="text/javascript">
<!--
function flip(e) {
  current = e.style.display;
  if (current == 'block') {
    e.style.display = 'none';
    return 0;
  }
  else {
    e.style.display = 'block';
    return 1;
  }
}

function toggleBox(szDivId, elem, msg1, msg2)
{
  var res = -1;  if (document.getElementById) {
    res = flip(document.getElementById(szDivId));
  }
  else if (document.all) {
    // this is the way old msie versions work
    res = flip(document.all[szDivId]);
  }
  if(elem) {
    if(res == 0) elem.innerHTML = msg1; else elem.innerHTML = msg2;
  }

}

function toggleAllBoxes() {
  if (document.getElementsByTagName) {
    d = document.getElementsByTagName('div');
    for (i = 0; i < d.length; i++) {
      if (d[i].className == 'log') {
        flip(d[i]);
      }
    }
  }
}

// -->
</script>

</head>
<body>
<h2 align='center'>Category</h2><table border='1' align="center">
<tr>
<td>Tests passed/Failed/Skipped:</td><td>16/2/0</td>
</tr><tr>
<td>Started on:</td><td>Fri Feb 05 11:18:37 IST 2021</td>
</tr>
<tr><td>Total time:</td><td>132 seconds (132495 ms)</td>
</tr><tr>
<td>Included groups:</td><td></td>
</tr><tr>
<td>Excluded groups:</td><td></td>
</tr>
</table><p/>
<small><i>(Hover the method name to see the test class name)</i></small><p/>
<table width='100%' border='1' class='invocation-failed'>
<tr><td colspan='4' align='center'><b>FAILED TESTS</b></td></tr>
<tr><td><b>Test method</b></td>
<td width="30%"><b>Exception</b></td>
<td width="10%"><b>Time (seconds)</b></td>
<td><b>Instance</b></td>
</tr>
<tr>
<td title='com.extraPOSTest.testCases.inventory.maintenance.TC_Category.checkReverseOrderValidation_CategoryCode()'><b>checkReverseOrderValidation_CategoryCode</b><br>Test class: com.extraPOSTest.testCases.inventory.maintenance.TC_Category<br>Parameters: TC_Reverse_004, WE3, Duplicate WE2, </td>
<td><div><pre>java.lang.AssertionError: No validation for duplicate catcode expected [true] but found [false]
	at com.extraPOSTest.testCases.inventory.maintenance.TC_Category.checkReverseOrderValidation_CategoryCode(TC_Category.java:897)
	at java.base/java.util.ArrayList.forEach(ArrayList.java:1511)
... Removed 30 stack frames</pre></div><a href='#' onClick='toggleBox("stack-trace1073862849", this, "Click to show all stack frames", "Click to hide stack frames")'>Click to show all stack frames</a>
<div class='stack-trace' id='stack-trace1073862849'><pre>java.lang.AssertionError: No validation for duplicate catcode expected [true] but found [false]
	at org.testng.Assert.fail(Assert.java:99)
	at org.testng.Assert.failNotEquals(Assert.java:1037)
	at org.testng.Assert.assertTrue(Assert.java:45)
	at com.extraPOSTest.testCases.inventory.maintenance.TC_Category.checkReverseOrderValidation_CategoryCode(TC_Category.java:897)
	at java.base/jdk.internal.reflect.NativeMethodAccessorImpl.invoke0(Native Method)
	at java.base/jdk.internal.reflect.NativeMethodAccessorImpl.invoke(NativeMethodAccessorImpl.java:64)
	at java.base/jdk.internal.reflect.DelegatingMethodAccessorImpl.invoke(DelegatingMethodAccessorImpl.java:43)
	at java.base/java.lang.reflect.Method.invoke(Method.java:564)
	at org.testng.internal.MethodInvocationHelper.invokeMethod(MethodInvocationHelper.java:132)
	at org.testng.internal.TestInvoker.invokeMethod(TestInvoker.java:599)
	at org.testng.internal.TestInvoker.invokeTestMethod(TestInvoker.java:174)
	at org.testng.internal.MethodRunner.runInSequence(MethodRunner.java:46)
	at org.testng.internal.TestInvoker$MethodInvocationAgent.invoke(TestInvoker.java:822)
	at org.testng.internal.TestInvoker.invokeTestMethods(TestInvoker.java:147)
	at org.testng.internal.TestMethodWorker.invokeTestMethods(TestMethodWorker.java:146)
	at org.testng.internal.TestMethodWorker.run(TestMethodWorker.java:128)
	at java.base/java.util.ArrayList.forEach(ArrayList.java:1511)
	at org.testng.TestRunner.privateRun(TestRunner.java:764)
	at org.testng.TestRunner.run(TestRunner.java:585)
	at org.testng.SuiteRunner.runTest(SuiteRunner.java:384)
	at org.testng.SuiteRunner.runSequentially(SuiteRunner.java:378)
	at org.testng.SuiteRunner.privateRun(SuiteRunner.java:337)
	at org.testng.SuiteRunner.run(SuiteRunner.java:286)
	at org.testng.SuiteRunnerWorker.runSuite(SuiteRunnerWorker.java:53)
	at org.testng.SuiteRunnerWorker.run(SuiteRunnerWorker.java:96)
	at org.testng.TestNG.runSuitesSequentially(TestNG.java:1218)
	at org.testng.TestNG.runSuitesLocally(TestNG.java:1140)
	at org.testng.TestNG.runSuites(TestNG.java:1069)
	at org.testng.TestNG.run(TestNG.java:1037)
	at org.testng.remote.AbstractRemoteTestNG.run(AbstractRemoteTestNG.java:115)
	at org.testng.remote.RemoteTestNG.initAndRun(RemoteTestNG.java:251)
	at org.testng.remote.RemoteTestNG.main(RemoteTestNG.java:77)
</pre></div></td>
<td>21</td>
<td>com.extraPOSTest.testCases.inventory.maintenance.TC_Category@606e4010</td></tr>
<tr>
<td title='com.extraPOSTest.testCases.inventory.maintenance.TC_Category.saveCategoryCode()'><b>saveCategoryCode</b><br>Test class: com.extraPOSTest.testCases.inventory.maintenance.TC_Category</td>
<td><div><pre>java.lang.AssertionError: No Error Message validation for save action expected [true] but found [false]
	at com.extraPOSTest.testCases.inventory.maintenance.TC_Category.saveCategoryCode(TC_Category.java:347)
	at java.base/java.util.ArrayList.forEach(ArrayList.java:1511)
... Removed 30 stack frames</pre></div><a href='#' onClick='toggleBox("stack-trace2036292945", this, "Click to show all stack frames", "Click to hide stack frames")'>Click to show all stack frames</a>
<div class='stack-trace' id='stack-trace2036292945'><pre>java.lang.AssertionError: No Error Message validation for save action expected [true] but found [false]
	at org.testng.Assert.fail(Assert.java:99)
	at org.testng.Assert.failNotEquals(Assert.java:1037)
	at org.testng.Assert.assertTrue(Assert.java:45)
	at com.extraPOSTest.testCases.inventory.maintenance.TC_Category.saveCategoryCode(TC_Category.java:347)
	at java.base/jdk.internal.reflect.NativeMethodAccessorImpl.invoke0(Native Method)
	at java.base/jdk.internal.reflect.NativeMethodAccessorImpl.invoke(NativeMethodAccessorImpl.java:64)
	at java.base/jdk.internal.reflect.DelegatingMethodAccessorImpl.invoke(DelegatingMethodAccessorImpl.java:43)
	at java.base/java.lang.reflect.Method.invoke(Method.java:564)
	at org.testng.internal.MethodInvocationHelper.invokeMethod(MethodInvocationHelper.java:132)
	at org.testng.internal.TestInvoker.invokeMethod(TestInvoker.java:599)
	at org.testng.internal.TestInvoker.invokeTestMethod(TestInvoker.java:174)
	at org.testng.internal.MethodRunner.runInSequence(MethodRunner.java:46)
	at org.testng.internal.TestInvoker$MethodInvocationAgent.invoke(TestInvoker.java:822)
	at org.testng.internal.TestInvoker.invokeTestMethods(TestInvoker.java:147)
	at org.testng.internal.TestMethodWorker.invokeTestMethods(TestMethodWorker.java:146)
	at org.testng.internal.TestMethodWorker.run(TestMethodWorker.java:128)
	at java.base/java.util.ArrayList.forEach(ArrayList.java:1511)
	at org.testng.TestRunner.privateRun(TestRunner.java:764)
	at org.testng.TestRunner.run(TestRunner.java:585)
	at org.testng.SuiteRunner.runTest(SuiteRunner.java:384)
	at org.testng.SuiteRunner.runSequentially(SuiteRunner.java:378)
	at org.testng.SuiteRunner.privateRun(SuiteRunner.java:337)
	at org.testng.SuiteRunner.run(SuiteRunner.java:286)
	at org.testng.SuiteRunnerWorker.runSuite(SuiteRunnerWorker.java:53)
	at org.testng.SuiteRunnerWorker.run(SuiteRunnerWorker.java:96)
	at org.testng.TestNG.runSuitesSequentially(TestNG.java:1218)
	at org.testng.TestNG.runSuitesLocally(TestNG.java:1140)
	at org.testng.TestNG.runSuites(TestNG.java:1069)
	at org.testng.TestNG.run(TestNG.java:1037)
	at org.testng.remote.AbstractRemoteTestNG.run(AbstractRemoteTestNG.java:115)
	at org.testng.remote.RemoteTestNG.initAndRun(RemoteTestNG.java:251)
	at org.testng.remote.RemoteTestNG.main(RemoteTestNG.java:77)
</pre></div></td>
<td>26</td>
<td>com.extraPOSTest.testCases.inventory.maintenance.TC_Category@606e4010</td></tr>
</table><p>
<table width='100%' border='1' class='invocation-passed'>
<tr><td colspan='4' align='center'><b>PASSED TESTS</b></td></tr>
<tr><td><b>Test method</b></td>
<td width="30%"><b>Exception</b></td>
<td width="10%"><b>Time (seconds)</b></td>
<td><b>Instance</b></td>
</tr>
<tr>
<td title='com.extraPOSTest.testCases.inventory.maintenance.TC_Category.addTwoSameCategoryCode()'><b>addTwoSameCategoryCode</b><br>Test class: com.extraPOSTest.testCases.inventory.maintenance.TC_Category<br>Parameters: TC_two_001, PQRS003, This Will Not Save, active</td>
<td></td>
<td>1</td>
<td>com.extraPOSTest.testCases.inventory.maintenance.TC_Category@606e4010</td></tr>
<tr>
<td title='com.extraPOSTest.testCases.inventory.maintenance.TC_Category.addTwoSameCategoryCode()'><b>addTwoSameCategoryCode</b><br>Test class: com.extraPOSTest.testCases.inventory.maintenance.TC_Category<br>Parameters: TC_two_002, PQRS003, This Will Not Save, inactive</td>
<td></td>
<td>0</td>
<td>com.extraPOSTest.testCases.inventory.maintenance.TC_Category@606e4010</td></tr>
<tr>
<td title='com.extraPOSTest.testCases.inventory.maintenance.TC_Category.checkReverseOrderValidation_CategoryCode()'><b>checkReverseOrderValidation_CategoryCode</b><br>Test class: com.extraPOSTest.testCases.inventory.maintenance.TC_Category<br>Parameters: TC_Reverse_001, WE4, No Description, active</td>
<td></td>
<td>1</td>
<td>com.extraPOSTest.testCases.inventory.maintenance.TC_Category@606e4010</td></tr>
<tr>
<td title='com.extraPOSTest.testCases.inventory.maintenance.TC_Category.checkReverseOrderValidation_CategoryCode()'><b>checkReverseOrderValidation_CategoryCode</b><br>Test class: com.extraPOSTest.testCases.inventory.maintenance.TC_Category<br>Parameters: TC_Reverse_002, WE3, Duplicate WE2, inactive</td>
<td></td>
<td>0</td>
<td>com.extraPOSTest.testCases.inventory.maintenance.TC_Category@606e4010</td></tr>
<tr>
<td title='com.extraPOSTest.testCases.inventory.maintenance.TC_Category.checkReverseOrderValidation_CategoryCode()'><b>checkReverseOrderValidation_CategoryCode</b><br>Test class: com.extraPOSTest.testCases.inventory.maintenance.TC_Category<br>Parameters: TC_Reverse_003, WE1, new, </td>
<td></td>
<td>0</td>
<td>com.extraPOSTest.testCases.inventory.maintenance.TC_Category@606e4010</td></tr>
<tr>
<td title='com.extraPOSTest.testCases.inventory.maintenance.TC_Category.createCategoryCode()'><b>createCategoryCode</b><br>Test class: com.extraPOSTest.testCases.inventory.maintenance.TC_Category<br>Parameters: TC_CA_001, , No Description, inactive</td>
<td></td>
<td>7</td>
<td>com.extraPOSTest.testCases.inventory.maintenance.TC_Category@606e4010</td></tr>
<tr>
<td title='com.extraPOSTest.testCases.inventory.maintenance.TC_Category.createCategoryCode()'><b>createCategoryCode</b><br>Test class: com.extraPOSTest.testCases.inventory.maintenance.TC_Category<br>Parameters: TC_CA_002, vvvvvvvvvvvvwwwwwwwwwwwwwwwwwwwwwwwwwwwwwwwwww, No Description, </td>
<td></td>
<td>10</td>
<td>com.extraPOSTest.testCases.inventory.maintenance.TC_Category@606e4010</td></tr>
<tr>
<td title='com.extraPOSTest.testCases.inventory.maintenance.TC_Category.createCategoryCode()'><b>createCategoryCode</b><br>Test class: com.extraPOSTest.testCases.inventory.maintenance.TC_Category<br>Parameters: TC_CA_003, New90987, cccccsssssss, </td>
<td></td>
<td>3</td>
<td>com.extraPOSTest.testCases.inventory.maintenance.TC_Category@606e4010</td></tr>
<tr>
<td title='com.extraPOSTest.testCases.inventory.maintenance.TC_Category.createCategoryCode()'><b>createCategoryCode</b><br>Test class: com.extraPOSTest.testCases.inventory.maintenance.TC_Category<br>Parameters: TC_CA_004, WE21r43pogffe, No Description, </td>
<td></td>
<td>5</td>
<td>com.extraPOSTest.testCases.inventory.maintenance.TC_Category@606e4010</td></tr>
<tr>
<td title='com.extraPOSTest.testCases.inventory.maintenance.TC_Category.createCategoryCode()'><b>createCategoryCode</b><br>Test class: com.extraPOSTest.testCases.inventory.maintenance.TC_Category<br>Parameters: TC_CA_005, 76890o8iuiii, No Description, </td>
<td></td>
<td>4</td>
<td>com.extraPOSTest.testCases.inventory.maintenance.TC_Category@606e4010</td></tr>
<tr>
<td title='com.extraPOSTest.testCases.inventory.maintenance.TC_Category.saveTwoCategoryCode()'><b>saveTwoCategoryCode</b><br>Test class: com.extraPOSTest.testCases.inventory.maintenance.TC_Category</td>
<td></td>
<td>5</td>
<td>com.extraPOSTest.testCases.inventory.maintenance.TC_Category@606e4010</td></tr>
<tr>
<td title='com.extraPOSTest.testCases.inventory.maintenance.TC_Category.searchCategoryPage()'><b>searchCategoryPage</b><br>Test class: com.extraPOSTest.testCases.inventory.maintenance.TC_Category<br>Parameters: TC_Search_001, susmithDemo, Demo1, active, Enter</td>
<td></td>
<td>3</td>
<td>com.extraPOSTest.testCases.inventory.maintenance.TC_Category@606e4010</td></tr>
<tr>
<td title='com.extraPOSTest.testCases.inventory.maintenance.TC_Category.searchCategoryPage()'><b>searchCategoryPage</b><br>Test class: com.extraPOSTest.testCases.inventory.maintenance.TC_Category<br>Parameters: TC_Search_002, , , inactive, searchbutton</td>
<td></td>
<td>3</td>
<td>com.extraPOSTest.testCases.inventory.maintenance.TC_Category@606e4010</td></tr>
<tr>
<td title='com.extraPOSTest.testCases.inventory.maintenance.TC_Category.searchCategoryPage()'><b>searchCategoryPage</b><br>Test class: com.extraPOSTest.testCases.inventory.maintenance.TC_Category<br>Parameters: TC_Search_003, , Demo2, , Enter</td>
<td></td>
<td>3</td>
<td>com.extraPOSTest.testCases.inventory.maintenance.TC_Category@606e4010</td></tr>
<tr>
<td title='com.extraPOSTest.testCases.inventory.maintenance.TC_Category.searchCategoryPage()'><b>searchCategoryPage</b><br>Test class: com.extraPOSTest.testCases.inventory.maintenance.TC_Category<br>Parameters: TC_Search_004, anotherDemo, , both, enter</td>
<td></td>
<td>4</td>
<td>com.extraPOSTest.testCases.inventory.maintenance.TC_Category@606e4010</td></tr>
<tr>
<td title='com.extraPOSTest.testCases.inventory.maintenance.TC_Category.selectALL_forCategoryCode()'><b>selectALL_forCategoryCode</b><br>Test class: com.extraPOSTest.testCases.inventory.maintenance.TC_Category</td>
<td></td>
<td>6</td>
<td>com.extraPOSTest.testCases.inventory.maintenance.TC_Category@606e4010</td></tr>
</table><p>
</body>
</html>