<?xml version="1.0" encoding="UTF-8"?>
<!-- Generated by org.testng.reporters.JUnitXMLReporter -->
<testsuite ignored="0" hostname="LAPTOP-VKAG1RPA" failures="0" tests="3" name="IM" time="9.404" errors="0" timestamp="2021-03-04T11:43:42 IST">
  <testcase classname="com.extraPOSTest.testCases.inventory.maintenance.TC_ItemMaster" name="@BeforeTest BrowserSetUp" time="2.16">
    <failure type="org.openqa.selenium.SessionNotCreatedException" message="session not created: This version of ChromeDriver only supports Chrome version 87
Current browser version is 89.0.4389.72 with binary path C:\Program Files\Google\Chrome\Application\chrome.exe
Build info: version: &amp;apos;3.141.59&amp;apos;, revision: &amp;apos;e82be7d358&amp;apos;, time: &amp;apos;2018-11-14T08:17:03&amp;apos;
System info: host: &amp;apos;LAPTOP-VKAG1RPA&amp;apos;, ip: &amp;apos;192.168.43.209&amp;apos;, os.name: &amp;apos;Windows 10&amp;apos;, os.arch: &amp;apos;amd64&amp;apos;, os.version: &amp;apos;10.0&amp;apos;, java.version: &amp;apos;15.0.1&amp;apos;
Driver info: driver.version: ChromeDriver
remote stacktrace: Backtrace:
	Ordinal0 [0x009FC0C3+3326147]
	Ordinal0 [0x008E0851+2164817]
	Ordinal0 [0x00767298+619160]
	Ordinal0 [0x006E1D92+73106]
	Ordinal0 [0x006DE119+57625]
	Ordinal0 [0x006DC38A+50058]
	Ordinal0 [0x00705F3E+220990]
	Ordinal0 [0x00705CAC+220332]
	Ordinal0 [0x0070189B+202907]
	Ordinal0 [0x006E3DF4+81396]
	Ordinal0 [0x006E4DEE+85486]
	Ordinal0 [0x006E4D79+85369]
	Ordinal0 [0x008F85DC+2262492]
	GetHandleVerifier [0x00B82874+1487204]
	GetHandleVerifier [0x00B823CD+1486013]
	GetHandleVerifier [0x00B8A368+1518680]
	GetHandleVerifier [0x00B82F4E+1488958]
	Ordinal0 [0x008EED0D+2223373]
	Ordinal0 [0x008FA12B+2269483]
	Ordinal0 [0x008FA26F+2269807]
	Ordinal0 [0x0090ECB8+2354360]
	BaseThreadInitThunk [0x7615FA29+25]
	RtlGetAppContainerNamedObjectPath [0x777976B4+228]
	RtlGetAppContainerNamedObjectPath [0x77797684+180]
">
      <![CDATA[org.openqa.selenium.SessionNotCreatedException: session not created: This version of ChromeDriver only supports Chrome version 87
Current browser version is 89.0.4389.72 with binary path C:\Program Files\Google\Chrome\Application\chrome.exe
Build info: version: '3.141.59', revision: 'e82be7d358', time: '2018-11-14T08:17:03'
System info: host: 'LAPTOP-VKAG1RPA', ip: '192.168.43.209', os.name: 'Windows 10', os.arch: 'amd64', os.version: '10.0', java.version: '15.0.1'
Driver info: driver.version: ChromeDriver
remote stacktrace: Backtrace:
Ordinal0 [0x009FC0C3+3326147]
Ordinal0 [0x008E0851+2164817]
Ordinal0 [0x00767298+619160]
Ordinal0 [0x006E1D92+73106]
Ordinal0 [0x006DE119+57625]
Ordinal0 [0x006DC38A+50058]
Ordinal0 [0x00705F3E+220990]
Ordinal0 [0x00705CAC+220332]
Ordinal0 [0x0070189B+202907]
Ordinal0 [0x006E3DF4+81396]
Ordinal0 [0x006E4DEE+85486]
Ordinal0 [0x006E4D79+85369]
Ordinal0 [0x008F85DC+2262492]
GetHandleVerifier [0x00B82874+1487204]
GetHandleVerifier [0x00B823CD+1486013]
GetHandleVerifier [0x00B8A368+1518680]
GetHandleVerifier [0x00B82F4E+1488958]
Ordinal0 [0x008EED0D+2223373]
Ordinal0 [0x008FA12B+2269483]
Ordinal0 [0x008FA26F+2269807]
Ordinal0 [0x0090ECB8+2354360]
BaseThreadInitThunk [0x7615FA29+25]
RtlGetAppContainerNamedObjectPath [0x777976B4+228]
RtlGetAppContainerNamedObjectPath [0x77797684+180]

at org.openqa.selenium.remote.W3CHandshakeResponse.lambda$errorHandler$0(W3CHandshakeResponse.java:62)
at org.openqa.selenium.remote.HandshakeResponse.lambda$getResponseFunction$0(HandshakeResponse.java:30)
at org.openqa.selenium.remote.ProtocolHandshake.lambda$createSession$0(ProtocolHandshake.java:126)
at java.base/java.util.stream.ReferencePipeline$3$1.accept(ReferencePipeline.java:195)
at java.base/java.util.Spliterators$ArraySpliterator.tryAdvance(Spliterators.java:958)
at java.base/java.util.stream.ReferencePipeline.forEachWithCancel(ReferencePipeline.java:127)
at java.base/java.util.stream.AbstractPipeline.copyIntoWithCancel(AbstractPipeline.java:502)
at java.base/java.util.stream.AbstractPipeline.copyInto(AbstractPipeline.java:488)
at java.base/java.util.stream.AbstractPipeline.wrapAndCopyInto(AbstractPipeline.java:474)
at java.base/java.util.stream.FindOps$FindOp.evaluateSequential(FindOps.java:150)
at java.base/java.util.stream.AbstractPipeline.evaluate(AbstractPipeline.java:234)
at java.base/java.util.stream.ReferencePipeline.findFirst(ReferencePipeline.java:543)
at org.openqa.selenium.remote.ProtocolHandshake.createSession(ProtocolHandshake.java:128)
at org.openqa.selenium.remote.ProtocolHandshake.createSession(ProtocolHandshake.java:74)
at org.openqa.selenium.remote.HttpCommandExecutor.execute(HttpCommandExecutor.java:136)
at org.openqa.selenium.remote.service.DriverCommandExecutor.execute(DriverCommandExecutor.java:83)
at org.openqa.selenium.remote.RemoteWebDriver.execute(RemoteWebDriver.java:552)
at org.openqa.selenium.remote.RemoteWebDriver.startSession(RemoteWebDriver.java:213)
at org.openqa.selenium.remote.RemoteWebDriver.<init>(RemoteWebDriver.java:131)
at org.openqa.selenium.chrome.ChromeDriver.<init>(ChromeDriver.java:181)
at org.openqa.selenium.chrome.ChromeDriver.<init>(ChromeDriver.java:168)
at org.openqa.selenium.chrome.ChromeDriver.<init>(ChromeDriver.java:123)
at com.extraPOSTest.resources.BaseClass.init(BaseClass.java:71)
at com.extraPOSTest.testCases.inventory.maintenance.TC_ItemMaster.BrowserSetUp(TC_ItemMaster.java:60)
... Removed 29 stack frames]]>
    </failure>
  </testcase> <!-- @BeforeTest BrowserSetUp -->
  <testcase classname="com.extraPOSTest.testCases.inventory.maintenance.TC_ItemMaster" name="@AfterTest tearDown" time="-1.614838422662E9">
    <skipped/>
  </testcase> <!-- @AfterTest tearDown -->
  <testcase classname="com.extraPOSTest.testCases.inventory.maintenance.TC_ItemMaster" name="selectALL_forCategoryCode" time="0.0">
    <skipped/>
  </testcase> <!-- selectALL_forCategoryCode -->
  <testcase classname="com.extraPOSTest.testCases.inventory.maintenance.TC_ItemMaster" name="ItemCodeValidation" time="0.0">
    <skipped/>
  </testcase> <!-- ItemCodeValidation -->
  <testcase classname="com.extraPOSTest.testCases.inventory.maintenance.TC_ItemMaster" name="ItemCodeValidation" time="0.0">
    <skipped/>
  </testcase> <!-- ItemCodeValidation -->
</testsuite> <!-- IM -->
