<?xml version="1.0" encoding="UTF-8"?>
<!-- Generated by org.testng.reporters.JUnitXMLReporter -->
<testsuite ignored="0" hostname="LAPTOP-VKAG1RPA" failures="2" tests="17" name="Line" time="99.075" errors="0" timestamp="2021-02-05T11:27:54 IST">
  <testcase classname="com.extraPOSTest.testCases.inventory.maintenance.TC_Line" name="selectALL_forLineCode" time="3.819"/>
  <testcase classname="com.extraPOSTest.testCases.inventory.maintenance.TC_Line" name="createLineCode" time="3.838"/>
  <testcase classname="com.extraPOSTest.testCases.inventory.maintenance.TC_Line" name="createLineCode" time="1.78"/>
  <testcase classname="com.extraPOSTest.testCases.inventory.maintenance.TC_Line" name="createLineCode" time="1.159"/>
  <testcase classname="com.extraPOSTest.testCases.inventory.maintenance.TC_Line" name="createLineCode" time="0.797"/>
  <testcase classname="com.extraPOSTest.testCases.inventory.maintenance.TC_Line" name="saveLineCode" time="25.381">
    <failure type="java.lang.AssertionError" message="No Error Message validation for save action expected [true] but found [false]">
      <![CDATA[java.lang.AssertionError: No Error Message validation for save action expected [true] but found [false]
at com.extraPOSTest.testCases.inventory.maintenance.TC_Line.saveLineCode(TC_Line.java:286)
at java.base/java.util.ArrayList.forEach(ArrayList.java:1511)
... Removed 30 stack frames]]>
    </failure>
  </testcase> <!-- saveLineCode -->
  <testcase classname="com.extraPOSTest.testCases.inventory.maintenance.TC_Line" name="addTwoSameLineCode" time="1.991"/>
  <testcase classname="com.extraPOSTest.testCases.inventory.maintenance.TC_Line" name="addTwoSameLineCode" time="0.889"/>
  <testcase classname="com.extraPOSTest.testCases.inventory.maintenance.TC_Line" name="saveTwoLineCode" time="5.114"/>
  <testcase classname="com.extraPOSTest.testCases.inventory.maintenance.TC_Line" name="searchLinePage" time="3.427"/>
  <testcase classname="com.extraPOSTest.testCases.inventory.maintenance.TC_Line" name="searchLinePage" time="3.38"/>
  <testcase classname="com.extraPOSTest.testCases.inventory.maintenance.TC_Line" name="searchLinePage" time="3.394"/>
  <testcase classname="com.extraPOSTest.testCases.inventory.maintenance.TC_Line" name="searchLinePage" time="4.135"/>
  <testcase classname="com.extraPOSTest.testCases.inventory.maintenance.TC_Line" name="checkReverseOrderValidation_LineCode" time="2.231"/>
  <testcase classname="com.extraPOSTest.testCases.inventory.maintenance.TC_Line" name="checkReverseOrderValidation_LineCode" time="1.123"/>
  <testcase classname="com.extraPOSTest.testCases.inventory.maintenance.TC_Line" name="checkReverseOrderValidation_LineCode" time="0.385"/>
  <testcase classname="com.extraPOSTest.testCases.inventory.maintenance.TC_Line" name="checkReverseOrderValidation_LineCode" time="20.88">
    <failure type="java.lang.AssertionError" message="No validation for duplicate Linecode expected [true] but found [false]">
      <![CDATA[java.lang.AssertionError: No validation for duplicate Linecode expected [true] but found [false]
at com.extraPOSTest.testCases.inventory.maintenance.TC_Line.checkReverseOrderValidation_LineCode(TC_Line.java:839)
at java.base/java.util.ArrayList.forEach(ArrayList.java:1511)
... Removed 30 stack frames]]>
    </failure>
  </testcase> <!-- checkReverseOrderValidation_LineCode -->
</testsuite> <!-- Line -->
