<?xml version="1.0" encoding="UTF-8"?>
<!-- Generated by org.testng.reporters.JUnitReportReporter -->
<testsuite hostname="LAPTOP-VKAG1RPA" failures="0" tests="4" name="com.extraPOSTest.testCases.inventory.maintenance.TC_ItemMaster" time="2.160" errors="1" timestamp="2021-03-04T11:43:44 IST" skipped="3">
  <testcase classname="com.extraPOSTest.testCases.inventory.maintenance.TC_ItemMaster" name="selectALL_forCategoryCode" time="0.000">
    <skipped/>
  </testcase> <!-- selectALL_forCategoryCode -->
  <system-out/>
  <testcase classname="com.extraPOSTest.testCases.inventory.maintenance.TC_ItemMaster" name="BrowserSetUp" time="2.160">
    <error message="session not created: This version of ChromeDriver only supports Chrome version 87
Current browser version is 89.0.4389.72 with binary path C:\Program Files\Google\Chrome\Application\chrome.exe
Build info: version: &#039;3.141.59&#039;, revision: &#039;e82be7d358&#039;, time: &#039;2018-11-14T08:17:03&#039;
System info: host: &#039;LAPTOP-VKAG1RPA&#039;, ip: &#039;192.168.43.209&#039;, os.name: &#039;Windows 10&#039;, os.arch: &#039;amd64&#039;, os.version: &#039;10.0&#039;, java.version: &#039;15.0.1&#039;
Driver info: driver.version: ChromeDriver
remote stacktrace: Backtrace:
	Ordinal0 [0x009FC0C3+3326147]
	Ordinal0 [0x008E0851+2164817]
	Ordinal0 [0x00767298+619160]
	Ordinal0 [0x006E1D92+73106]
	Ordinal0 [0x006DE119+57625]
	Ordinal0 [0x006DC38A+50058]
	Ordinal0 [0x00705F3E+220990]
	Ordinal0 [0x00705CAC+220332]
	Ordinal0 [0x0070189B+202907]
	Ordinal0 [0x006E3DF4+81396]
	Ordinal0 [0x006E4DEE+85486]
	Ordinal0 [0x006E4D79+85369]
	Ordinal0 [0x008F85DC+2262492]
	GetHandleVerifier [0x00B82874+1487204]
	GetHandleVerifier [0x00B823CD+1486013]
	GetHandleVerifier [0x00B8A368+1518680]
	GetHandleVerifier [0x00B82F4E+1488958]
	Ordinal0 [0x008EED0D+2223373]
	Ordinal0 [0x008FA12B+2269483]
	Ordinal0 [0x008FA26F+2269807]
	Ordinal0 [0x0090ECB8+2354360]
	BaseThreadInitThunk [0x7615FA29+25]
	RtlGetAppContainerNamedObjectPath [0x777976B4+228]
	RtlGetAppContainerNamedObjectPath [0x77797684+180]
" type="org.openqa.selenium.SessionNotCreatedException">
      <![CDATA[org.openqa.selenium.SessionNotCreatedException: session not created: This version of ChromeDriver only supports Chrome version 87
Current browser version is 89.0.4389.72 with binary path C:\Program Files\Google\Chrome\Application\chrome.exe
Build info: version: '3.141.59', revision: 'e82be7d358', time: '2018-11-14T08:17:03'
System info: host: 'LAPTOP-VKAG1RPA', ip: '192.168.43.209', os.name: 'Windows 10', os.arch: 'amd64', os.version: '10.0', java.version: '15.0.1'
Driver info: driver.version: ChromeDriver
remote stacktrace: Backtrace:
Ordinal0 [0x009FC0C3+3326147]
Ordinal0 [0x008E0851+2164817]
Ordinal0 [0x00767298+619160]
Ordinal0 [0x006E1D92+73106]
Ordinal0 [0x006DE119+57625]
Ordinal0 [0x006DC38A+50058]
Ordinal0 [0x00705F3E+220990]
Ordinal0 [0x00705CAC+220332]
Ordinal0 [0x0070189B+202907]
Ordinal0 [0x006E3DF4+81396]
Ordinal0 [0x006E4DEE+85486]
Ordinal0 [0x006E4D79+85369]
Ordinal0 [0x008F85DC+2262492]
GetHandleVerifier [0x00B82874+1487204]
GetHandleVerifier [0x00B823CD+1486013]
GetHandleVerifier [0x00B8A368+1518680]
GetHandleVerifier [0x00B82F4E+1488958]
Ordinal0 [0x008EED0D+2223373]
Ordinal0 [0x008FA12B+2269483]
Ordinal0 [0x008FA26F+2269807]
Ordinal0 [0x0090ECB8+2354360]
BaseThreadInitThunk [0x7615FA29+25]
RtlGetAppContainerNamedObjectPath [0x777976B4+228]
RtlGetAppContainerNamedObjectPath [0x77797684+180]

at java.base/jdk.internal.reflect.NativeConstructorAccessorImpl.newInstance0(Native Method)
at java.base/jdk.internal.reflect.NativeConstructorAccessorImpl.newInstance(NativeConstructorAccessorImpl.java:64)
at java.base/jdk.internal.reflect.DelegatingConstructorAccessorImpl.newInstance(DelegatingConstructorAccessorImpl.java:45)
at java.base/java.lang.reflect.Constructor.newInstanceWithCaller(Constructor.java:500)
at java.base/java.lang.reflect.Constructor.newInstance(Constructor.java:481)
at org.openqa.selenium.remote.W3CHandshakeResponse.lambda$errorHandler$0(W3CHandshakeResponse.java:62)
at org.openqa.selenium.remote.HandshakeResponse.lambda$getResponseFunction$0(HandshakeResponse.java:30)
at org.openqa.selenium.remote.ProtocolHandshake.lambda$createSession$0(ProtocolHandshake.java:126)
at java.base/java.util.stream.ReferencePipeline$3$1.accept(ReferencePipeline.java:195)
at java.base/java.util.Spliterators$ArraySpliterator.tryAdvance(Spliterators.java:958)
at java.base/java.util.stream.ReferencePipeline.forEachWithCancel(ReferencePipeline.java:127)
at java.base/java.util.stream.AbstractPipeline.copyIntoWithCancel(AbstractPipeline.java:502)
at java.base/java.util.stream.AbstractPipeline.copyInto(AbstractPipeline.java:488)
at java.base/java.util.stream.AbstractPipeline.wrapAndCopyInto(AbstractPipeline.java:474)
at java.base/java.util.stream.FindOps$FindOp.evaluateSequential(FindOps.java:150)
at java.base/java.util.stream.AbstractPipeline.evaluate(AbstractPipeline.java:234)
at java.base/java.util.stream.ReferencePipeline.findFirst(ReferencePipeline.java:543)
at org.openqa.selenium.remote.ProtocolHandshake.createSession(ProtocolHandshake.java:128)
at org.openqa.selenium.remote.ProtocolHandshake.createSession(ProtocolHandshake.java:74)
at org.openqa.selenium.remote.HttpCommandExecutor.execute(HttpCommandExecutor.java:136)
at org.openqa.selenium.remote.service.DriverCommandExecutor.execute(DriverCommandExecutor.java:83)
at org.openqa.selenium.remote.RemoteWebDriver.execute(RemoteWebDriver.java:552)
at org.openqa.selenium.remote.RemoteWebDriver.startSession(RemoteWebDriver.java:213)
at org.openqa.selenium.remote.RemoteWebDriver.<init>(RemoteWebDriver.java:131)
at org.openqa.selenium.chrome.ChromeDriver.<init>(ChromeDriver.java:181)
at org.openqa.selenium.chrome.ChromeDriver.<init>(ChromeDriver.java:168)
at org.openqa.selenium.chrome.ChromeDriver.<init>(ChromeDriver.java:123)
at com.extraPOSTest.resources.BaseClass.init(BaseClass.java:71)
at com.extraPOSTest.testCases.inventory.maintenance.TC_ItemMaster.BrowserSetUp(TC_ItemMaster.java:60)
at java.base/jdk.internal.reflect.NativeMethodAccessorImpl.invoke0(Native Method)
at java.base/jdk.internal.reflect.NativeMethodAccessorImpl.invoke(NativeMethodAccessorImpl.java:64)
at java.base/jdk.internal.reflect.DelegatingMethodAccessorImpl.invoke(DelegatingMethodAccessorImpl.java:43)
at java.base/java.lang.reflect.Method.invoke(Method.java:564)
at org.testng.internal.MethodInvocationHelper.invokeMethod(MethodInvocationHelper.java:132)
at org.testng.internal.MethodInvocationHelper.invokeMethodConsideringTimeout(MethodInvocationHelper.java:61)
at org.testng.internal.ConfigInvoker.invokeConfigurationMethod(ConfigInvoker.java:366)
at org.testng.internal.ConfigInvoker.invokeConfigurations(ConfigInvoker.java:320)
at org.testng.TestRunner.invokeTestConfigurations(TestRunner.java:617)
at org.testng.TestRunner.beforeRun(TestRunner.java:607)
at org.testng.TestRunner.run(TestRunner.java:578)
at org.testng.SuiteRunner.runTest(SuiteRunner.java:384)
at org.testng.SuiteRunner.runSequentially(SuiteRunner.java:378)
at org.testng.SuiteRunner.privateRun(SuiteRunner.java:337)
at org.testng.SuiteRunner.run(SuiteRunner.java:286)
at org.testng.SuiteRunnerWorker.runSuite(SuiteRunnerWorker.java:53)
at org.testng.SuiteRunnerWorker.run(SuiteRunnerWorker.java:96)
at org.testng.TestNG.runSuitesSequentially(TestNG.java:1218)
at org.testng.TestNG.runSuitesLocally(TestNG.java:1140)
at org.testng.TestNG.runSuites(TestNG.java:1069)
at org.testng.TestNG.run(TestNG.java:1037)
at org.testng.remote.AbstractRemoteTestNG.run(AbstractRemoteTestNG.java:115)
at org.testng.remote.RemoteTestNG.initAndRun(RemoteTestNG.java:251)
at org.testng.remote.RemoteTestNG.main(RemoteTestNG.java:77)
]]>
    </error>
  </testcase> <!-- BrowserSetUp -->
  <system-out/>
  <testcase classname="com.extraPOSTest.testCases.inventory.maintenance.TC_ItemMaster" name="ItemCodeValidation" time="0.000">
    <skipped/>
  </testcase> <!-- ItemCodeValidation -->
  <system-out/>
  <testcase classname="com.extraPOSTest.testCases.inventory.maintenance.TC_ItemMaster" name="ItemCodeValidation" time="0.000">
    <skipped/>
  </testcase> <!-- ItemCodeValidation -->
  <system-out/>
</testsuite> <!-- com.extraPOSTest.testCases.inventory.maintenance.TC_ItemMaster -->
